0 info it worked if it ends with ok
1 verbose cli [ 'C:\\Program Files\\nodejs\\node.exe',
1 verbose cli   'C:\\Program Files\\nodejs\\node_modules\\npm\\bin\\npm-cli.js',
1 verbose cli   'run',
1 verbose cli   'deploy' ]
2 info using npm@4.1.2
3 info using node@v7.7.1
4 verbose run-script [ 'predeploy', 'deploy', 'postdeploy' ]
5 info lifecycle uiexercisenumber8@0.1.0~predeploy: uiexercisenumber8@0.1.0
6 verbose lifecycle uiexercisenumber8@0.1.0~predeploy: unsafe-perm in lifecycle true
7 verbose lifecycle uiexercisenumber8@0.1.0~predeploy: PATH: C:\nvm\v7.7.1\node_modules\npm\bin\node-gyp-bin;C:\Users\Mr Teo\WebstormProjects\JavaScript Learning\React\4-Number8\uiexercisenumber8\node_modules\.bin;C:\Python27\;C:\Python27\Scripts;D:\Tools\apache-maven-3.3.9\bin;C:\ProgramData\Oracle\Java\javapath;C:\Windows\system32;C:\Windows;C:\Windows\System32\Wbem;C:\Windows\System32\WindowsPowerShell\v1.0\;C:\Program Files\Dell\Dell Data Protection\Access\Advanced\Wave\Gemalto\Access Client\v5\;C:\Program Files (x86)\Security Innovation\SI TSS\bin\;C:\Program Files\Git\cmd;C:\nvm;C:\Program Files\nodejs;C:\Python27\;C:\Python27\Scripts;D:\Tools\apache-maven-3.3.9\bin;C:\ProgramData\Oracle\Java\javapath;C:\Windows\system32;C:\Windows;C:\Windows\System32\Wbem;C:\Windows\System32\WindowsPowerShell\v1.0\;C:\Program Files\Dell\Dell Data Protection\Access\Advanced\Wave\Gemalto\Access Client\v5\;C:\Program Files (x86)\Security Innovation\SI TSS\bin\;C:\Program Files\Git\cmd;C:\nvm;C:\Program Files\nodejs
8 verbose lifecycle uiexercisenumber8@0.1.0~predeploy: CWD: C:\Users\Mr Teo\WebstormProjects\JavaScript Learning\React\4-Number8\uiexercisenumber8
9 silly lifecycle uiexercisenumber8@0.1.0~predeploy: Args: [ '/d /s /c', 'npm run build' ]
10 silly lifecycle uiexercisenumber8@0.1.0~predeploy: Returned: code: 0  signal: null
11 info lifecycle uiexercisenumber8@0.1.0~deploy: uiexercisenumber8@0.1.0
12 verbose lifecycle uiexercisenumber8@0.1.0~deploy: unsafe-perm in lifecycle true
13 verbose lifecycle uiexercisenumber8@0.1.0~deploy: PATH: C:\nvm\v7.7.1\node_modules\npm\bin\node-gyp-bin;C:\Users\Mr Teo\WebstormProjects\JavaScript Learning\React\4-Number8\uiexercisenumber8\node_modules\.bin;C:\Python27\;C:\Python27\Scripts;D:\Tools\apache-maven-3.3.9\bin;C:\ProgramData\Oracle\Java\javapath;C:\Windows\system32;C:\Windows;C:\Windows\System32\Wbem;C:\Windows\System32\WindowsPowerShell\v1.0\;C:\Program Files\Dell\Dell Data Protection\Access\Advanced\Wave\Gemalto\Access Client\v5\;C:\Program Files (x86)\Security Innovation\SI TSS\bin\;C:\Program Files\Git\cmd;C:\nvm;C:\Program Files\nodejs;C:\Python27\;C:\Python27\Scripts;D:\Tools\apache-maven-3.3.9\bin;C:\ProgramData\Oracle\Java\javapath;C:\Windows\system32;C:\Windows;C:\Windows\System32\Wbem;C:\Windows\System32\WindowsPowerShell\v1.0\;C:\Program Files\Dell\Dell Data Protection\Access\Advanced\Wave\Gemalto\Access Client\v5\;C:\Program Files (x86)\Security Innovation\SI TSS\bin\;C:\Program Files\Git\cmd;C:\nvm;C:\Program Files\nodejs
14 verbose lifecycle uiexercisenumber8@0.1.0~deploy: CWD: C:\Users\Mr Teo\WebstormProjects\JavaScript Learning\React\4-Number8\uiexercisenumber8
15 silly lifecycle uiexercisenumber8@0.1.0~deploy: Args: [ '/d /s /c', 'gh-pages -b master -d build' ]
16 silly lifecycle uiexercisenumber8@0.1.0~deploy: Returned: code: 1  signal: null
17 info lifecycle uiexercisenumber8@0.1.0~deploy: Failed to exec deploy script
18 verbose stack Error: uiexercisenumber8@0.1.0 deploy: `gh-pages -b master -d build`
18 verbose stack Exit status 1
18 verbose stack     at EventEmitter.<anonymous> (C:\nvm\v7.7.1\node_modules\npm\lib\utils\lifecycle.js:279:16)
18 verbose stack     at emitTwo (events.js:106:13)
18 verbose stack     at EventEmitter.emit (events.js:194:7)
18 verbose stack     at ChildProcess.<anonymous> (C:\nvm\v7.7.1\node_modules\npm\lib\utils\spawn.js:40:14)
18 verbose stack     at emitTwo (events.js:106:13)
18 verbose stack     at ChildProcess.emit (events.js:194:7)
18 verbose stack     at maybeClose (internal/child_process.js:899:16)
18 verbose stack     at Process.ChildProcess._handle.onexit (internal/child_process.js:226:5)
19 verbose pkgid uiexercisenumber8@0.1.0
20 verbose cwd C:\Users\Mr Teo\WebstormProjects\JavaScript Learning\React\4-Number8\uiexercisenumber8\build
21 error Windows_NT 6.3.9600
22 error argv "C:\\Program Files\\nodejs\\node.exe" "C:\\Program Files\\nodejs\\node_modules\\npm\\bin\\npm-cli.js" "run" "deploy"
23 error node v7.7.1
24 error npm  v4.1.2
25 error code ELIFECYCLE
26 error uiexercisenumber8@0.1.0 deploy: `gh-pages -b master -d build`
26 error Exit status 1
27 error Failed at the uiexercisenumber8@0.1.0 deploy script 'gh-pages -b master -d build'.
27 error Make sure you have the latest version of node.js and npm installed.
27 error If you do, this is most likely a problem with the uiexercisenumber8 package,
27 error not with npm itself.
27 error Tell the author that this fails on your system:
27 error     gh-pages -b master -d build
27 error You can get information on how to open an issue for this project with:
27 error     npm bugs uiexercisenumber8
27 error Or if that isn't available, you can get their info via:
27 error     npm owner ls uiexercisenumber8
27 error There is likely additional logging output above.
28 verbose exit [ 1, true ]
